dcdc3A.log
Initialized etaXs_, tau_.
Initialized solvers.
Xs_ initialized with full domain.
X2s_ initialized with full domain.
U_ initialized with full domain.
SafeInner_ initialized according to specification.
Os_ initialized according to specification.
SafeOuter_ initialized with empty domain, and will be set with correct domain later.Zs_ initialized with empty domain.
Rs_ initialized with empty domain.
Cs_ initialized with full domain.
validZs_ initialized with full domain.
Ds_ initialized with empty domain.
innerDs_ initialized with empty domain.
computedDs_ initialized with empty domain.
Ts_ initialized with empty domain.
TTs_ initialized with empty domain.
uT_ initialized with empty domain.
Number of BDD variables: 69
Initialized permutes.
Initialized cubes.
Initialized notVars.
permuteCoarser 1 to 0: 0 0 0 0 0 0 0 0 0 0 0 0 0 0 0 0 0 0 1 2 3 4 5 6 7 0 8 9 10 11 12 13 14 15 0 0 0 0 0 0 0 0 0 0 0 0 0 0 0 0 0 0 0 0 0 0 0 0 0 0 0 0 0 0 0 0 0 0 0 
permuteFiner 0 to 1: 17 18 19 20 21 22 23 24 26 27 28 29 30 31 32 33 0 0 0 0 0 0 0 0 0 0 0 0 0 0 0 0 0 0 0 0 0 0 0 0 0 0 0 0 0 0 0 0 0 0 0 0 0 0 0 0 0 0 0 0 0 0 0 0 0 0 0 0 0 
etaXs_:
abstraction 0: 0.002 0.002 
abstraction 1: 0.001 0.001 
tau_:
abstraction 0: 0.5
abstraction 1: 0.5

current recursion depth: 1
	 current abstraction: 0
	 current abstraction: 1

current recursion depth: 2
	 current abstraction: 0
	 current abstraction: 1

current recursion depth: 3
	 current abstraction: 0
	 current abstraction: 1

current recursion depth: 4
	 current abstraction: 0
	 current abstraction: 1

current recursion depth: 5
	 current abstraction: 0
	 current abstraction: 1

current recursion depth: 6
	 current abstraction: 0
	 current abstraction: 1

current recursion depth: 7
	 current abstraction: 0
	 current abstraction: 1

current recursion depth: 8
	 current abstraction: 0
	 current abstraction: 1

current recursion depth: 9
	 current abstraction: 0
	 current abstraction: 1

current recursion depth: 10
	 current abstraction: 0
	 current abstraction: 1

current recursion depth: 11
	 current abstraction: 0
	 current abstraction: 1

current recursion depth: 12
	 current abstraction: 0
	 current abstraction: 1

current recursion depth: 13
	 current abstraction: 0
	 current abstraction: 1

current recursion depth: 14
	 current abstraction: 0
	 current abstraction: 1

current recursion depth: 15
	 current abstraction: 0
	 current abstraction: 1

current recursion depth: 16
	 current abstraction: 0
	 current abstraction: 1

current recursion depth: 17
	 current abstraction: 0
	 current abstraction: 1

current recursion depth: 18
	 current abstraction: 0
	 current abstraction: 1

current recursion depth: 19
	 current abstraction: 0
	 current abstraction: 1

current recursion depth: 20
	 current abstraction: 0
	 current abstraction: 1

current recursion depth: 21
	 current abstraction: 0
	 current abstraction: 1

current recursion depth: 22
	 current abstraction: 0
	 current abstraction: 1

current recursion depth: 23
	 current abstraction: 0
	 current abstraction: 1

current recursion depth: 24
	 current abstraction: 0
	 current abstraction: 1

current recursion depth: 25
	 current abstraction: 0
	 current abstraction: 1

current recursion depth: 26
	 current abstraction: 0
	 current abstraction: 1

current recursion depth: 27
	 current abstraction: 0
	 current abstraction: 1

current recursion depth: 28
	 current abstraction: 0
	 current abstraction: 1

current recursion depth: 29
	 current abstraction: 0
	 current abstraction: 1

current recursion depth: 30
	 current abstraction: 0
	 current abstraction: 1

current recursion depth: 31
	 current abstraction: 0
	 current abstraction: 1

current recursion depth: 32
	 current abstraction: 0
	 current abstraction: 1

current recursion depth: 33
	 current abstraction: 0
	 current abstraction: 1

current recursion depth: 34
	 current abstraction: 0
	 current abstraction: 1

current recursion depth: 35
	 current abstraction: 0
	 current abstraction: 1

current recursion depth: 36
	 current abstraction: 0
	 current abstraction: 1

current recursion depth: 37
	 current abstraction: 0
	 current abstraction: 1

current recursion depth: 38
	 current abstraction: 0
	 current abstraction: 1

current recursion depth: 39
	 current abstraction: 0
	 current abstraction: 1

current recursion depth: 40
	 current abstraction: 0
	 current abstraction: 1

current recursion depth: 41
	 current abstraction: 0
	 current abstraction: 1

current recursion depth: 42
	 current abstraction: 0
	 current abstraction: 1

current recursion depth: 43
	 current abstraction: 0
	 current abstraction: 1

current recursion depth: 44
	 current abstraction: 0
	 current abstraction: 1

current recursion depth: 45
	 current abstraction: 0
	 current abstraction: 1
Wrote Ts_ to file.
m: 2
p: 2

current abstraction: 0
controllers: 2
abstraction: 0
iteration: 1
iteration: 2
iteration: 3
iteration: 4
result: converged valid
saved as snapshot, saved to valids
Going finer

current abstraction: 1
controllers: 3
abstraction: 1
iteration: 1
iteration: 2
result: not converged
saved as snapshot, saved to valids
Going coarser

current abstraction: 0
controllers: 4
abstraction: 0
iteration: 1
iteration: 2
iteration: 3
iteration: 4
result: converged valid
saved as snapshot, saved to valids
Going finer

current abstraction: 1
controllers: 5
abstraction: 1
iteration: 1
iteration: 2
result: not converged
saved as snapshot, saved to valids
Going coarser

current abstraction: 0
controllers: 6
abstraction: 0
iteration: 1
iteration: 2
iteration: 3
result: converged valid
saved as snapshot, saved to valids
Going finer

current abstraction: 1
controllers: 7
abstraction: 1
iteration: 1
iteration: 2
result: not converged
saved as snapshot, saved to valids
Going coarser

current abstraction: 0
controllers: 8
abstraction: 0
iteration: 1
iteration: 2
iteration: 3
result: converged valid
saved as snapshot, saved to valids
Going finer

current abstraction: 1
controllers: 9
abstraction: 1
iteration: 1
iteration: 2
result: not converged
saved as snapshot, saved to valids
Going coarser

current abstraction: 0
controllers: 10
abstraction: 0
iteration: 1
iteration: 2
iteration: 3
result: converged valid
saved as snapshot, saved to valids
Going finer

current abstraction: 1
controllers: 11
abstraction: 1
iteration: 1
iteration: 2
result: not converged
saved as snapshot, saved to valids
Going coarser

current abstraction: 0
controllers: 12
abstraction: 0
iteration: 1
iteration: 2
result: converged valid
saved as snapshot, saved to valids
Going finer

current abstraction: 1
controllers: 13
abstraction: 1
iteration: 1
iteration: 2
result: not converged
saved as snapshot, saved to valids
Going coarser

current abstraction: 0
controllers: 14
abstraction: 0
iteration: 1
iteration: 2
result: converged valid
saved as snapshot, saved to valids
Going finer

current abstraction: 1
controllers: 15
abstraction: 1
iteration: 1
iteration: 2
result: not converged
saved as snapshot, saved to valids
Going coarser

current abstraction: 0
controllers: 16
abstraction: 0
iteration: 1
iteration: 2
result: converged valid
saved as snapshot, saved to valids
Going finer

current abstraction: 1
controllers: 17
abstraction: 1
iteration: 1
iteration: 2
result: not converged
saved as snapshot, saved to valids
Going coarser

current abstraction: 0
controllers: 18
abstraction: 0
iteration: 1
iteration: 2
result: converged valid
saved as snapshot, saved to valids
Going finer

current abstraction: 1
controllers: 19
abstraction: 1
iteration: 1
iteration: 2
result: not converged
saved as snapshot, saved to valids
Going coarser

current abstraction: 0
controllers: 20
abstraction: 0
iteration: 1
iteration: 2
result: converged valid
saved as snapshot, saved to valids
Going finer

current abstraction: 1
controllers: 21
abstraction: 1
iteration: 1
iteration: 2
result: not converged
saved as snapshot, saved to valids
Going coarser

current abstraction: 0
controllers: 22
abstraction: 0
iteration: 1
iteration: 2
result: converged valid
saved as snapshot, saved to valids
Going finer

current abstraction: 1
controllers: 23
abstraction: 1
iteration: 1
iteration: 2
result: converged valid
saved as snapshot, saved to valids

Final number of controllers: 24
Wrote Ts_ to file.
-----------------------------------------------Total time: 10.8387 seconds.
Abstraction construction time: 4.14849 seconds.
Controller synthesis time: 5.41368 seconds.
Abs + syn time: 9.56216 seconds.
