unicycle.log
Initialized etaXs_, tau_.
Initialized solvers.
Xs_ initialized with full domain.
X2s_ initialized with full domain.
U_ initialized with full domain.
Os_ initialized according to specification.
Zs_ initialized with empty domain.
Cs_ initialized with empty domain.
Gs_ initialized according to specification.
No obstacle problem with specification.
validZs_ initialized with empty domain.
validCs_ initialized with empty domain.
Ds_ initialized with empty domain.
innerDs_ initialized with empty domain.
computedDs_ initialized with empty domain.
savedZs_ initialized with empty domain.
Ts_ initialized with empty domain.
TTs_ initialized with empty domain.
uT_ initialized with empty domain.
Number of BDD variables: 115
Initialized permutes.
Initialized cubes.
Initialized notVars.
permuteCoarser 1 to 0: 0 0 0 0 0 0 0 0 0 0 0 0 0 0 0 0 0 1 2 3 4 5 0 6 7 8 9 0 10 11 12 13 14 0 0 0 0 0 0 0 0 0 0 0 0 0 0 0 0 0 0 0 0 0 0 0 0 0 0 0 0 0 0 0 0 0 0 0 0 0 0 0 0 0 0 0 0 0 0 0 0 0 0 0 0 0 0 0 0 0 0 0 0 0 0 0 0 0 0 0 0 0 0 0 0 0 0 0 0 0 0 0 0 0 0 
permuteCoarser 2 to 1: 0 0 0 0 0 0 0 0 0 0 0 0 0 0 0 0 0 0 0 0 0 0 0 0 0 0 0 0 0 0 0 0 0 0 15 16 17 18 19 20 21 0 22 23 24 25 26 0 27 28 29 30 31 32 0 0 0 0 0 0 0 0 0 0 0 0 0 0 0 0 0 0 0 0 0 0 0 0 0 0 0 0 0 0 0 0 0 0 0 0 0 0 0 0 0 0 0 0 0 0 0 0 0 0 0 0 0 0 0 0 0 0 0 0 0 
permuteFiner 0 to 1: 16 17 18 19 20 21 23 24 25 26 28 29 30 31 32 0 0 0 0 0 0 0 0 0 0 0 0 0 0 0 0 0 0 0 0 0 0 0 0 0 0 0 0 0 0 0 0 0 0 0 0 0 0 0 0 0 0 0 0 0 0 0 0 0 0 0 0 0 0 0 0 0 0 0 0 0 0 0 0 0 0 0 0 0 0 0 0 0 0 0 0 0 0 0 0 0 0 0 0 0 0 0 0 0 0 0 0 0 0 0 0 0 0 0 0 
permuteFiner 1 to 2: 0 0 0 0 0 0 0 0 0 0 0 0 0 0 0 34 35 36 37 38 39 40 42 43 44 45 46 48 49 50 51 52 53 0 0 0 0 0 0 0 0 0 0 0 0 0 0 0 0 0 0 0 0 0 0 0 0 0 0 0 0 0 0 0 0 0 0 0 0 0 0 0 0 0 0 0 0 0 0 0 0 0 0 0 0 0 0 0 0 0 0 0 0 0 0 0 0 0 0 0 0 0 0 0 0 0 0 0 0 0 0 0 0 0 0 
etaXs_:
abstraction 0: 0.6 0.6 0.3 
abstraction 1: 0.3 0.3 0.15 
abstraction 2: 0.15 0.15 0.075 
tau_:
abstraction 0: 0.9
abstraction 1: 0.45
abstraction 2: 0.225
m: 3
p: 3

current abstraction: 0
controllers: 0
abstraction: 0
iteration: 1
iteration: 2
result: converged valid
saved as snapshot, saved to valids
Going finer

current abstraction: 1
controllers: 1
abstraction: 1
iteration: 1
iteration: 2
iteration: 3
result: converged valid
saved as snapshot, saved to valids
Going finer

current abstraction: 2
controllers: 2
abstraction: 2
iteration: 1
iteration: 2
iteration: 3
result: not converged
saved as snapshot, saved to valids
Going coarser

current abstraction: 1
controllers: 3
abstraction: 1
iteration: 1
iteration: 2
iteration: 3
result: not converged
saved as snapshot, saved to valids
Going coarser

current abstraction: 0
controllers: 4
abstraction: 0
iteration: 1
iteration: 2
result: converged valid
saved as snapshot, saved to valids
Going finer

current abstraction: 1
controllers: 5
abstraction: 1
iteration: 1
iteration: 2
iteration: 3
result: not converged
saved as snapshot, saved to valids
Going coarser

current abstraction: 0
controllers: 6
abstraction: 0
iteration: 1
iteration: 2
iteration: 3
iteration: 4
iteration: 5
iteration: 6
iteration: 7
iteration: 8
iteration: 9
iteration: 10
iteration: 11
iteration: 12
iteration: 13
iteration: 14
iteration: 15
iteration: 16
iteration: 17
iteration: 18
iteration: 19
iteration: 20
iteration: 21
iteration: 22
iteration: 23
iteration: 24
iteration: 25
iteration: 26
iteration: 27
iteration: 28
iteration: 29
iteration: 30
iteration: 31
iteration: 32
iteration: 33
iteration: 34
iteration: 35
iteration: 36
iteration: 37
iteration: 38
iteration: 39
iteration: 40
iteration: 41
iteration: 42
iteration: 43
iteration: 44
iteration: 45
iteration: 46
iteration: 47
iteration: 48
iteration: 49
iteration: 50
iteration: 51
iteration: 52
iteration: 53
iteration: 54
iteration: 55
iteration: 56
iteration: 57
iteration: 58
iteration: 59
iteration: 60
iteration: 61
iteration: 62
iteration: 63
iteration: 64
iteration: 65
iteration: 66
iteration: 67
iteration: 68
iteration: 69
iteration: 70
iteration: 71
iteration: 72
iteration: 73
iteration: 74
iteration: 75
iteration: 76
iteration: 77
iteration: 78
iteration: 79
iteration: 80
iteration: 81
iteration: 82
iteration: 83
iteration: 84
iteration: 85
iteration: 86
iteration: 87
iteration: 88
iteration: 89
iteration: 90
iteration: 91
iteration: 92
iteration: 93
iteration: 94
iteration: 95
iteration: 96
iteration: 97
iteration: 98
iteration: 99
iteration: 100
iteration: 101
iteration: 102
iteration: 103
iteration: 104
iteration: 105
iteration: 106
iteration: 107
iteration: 108
iteration: 109
iteration: 110
iteration: 111
iteration: 112
iteration: 113
iteration: 114
iteration: 115
iteration: 116
iteration: 117
iteration: 118
iteration: 119
iteration: 120
iteration: 121
iteration: 122
iteration: 123
iteration: 124
iteration: 125
iteration: 126
result: converged valid
saved as snapshot, saved to valids
Going finer

current abstraction: 1
controllers: 7
abstraction: 1
iteration: 1
iteration: 2
iteration: 3
result: not converged
saved as snapshot, saved to valids
Going coarser

current abstraction: 0
controllers: 8
abstraction: 0
iteration: 1
iteration: 2
result: converged valid
saved as snapshot, saved to valids
Going finer

current abstraction: 1
controllers: 9
abstraction: 1
iteration: 1
iteration: 2
result: converged valid
saved as snapshot, saved to valids
Going finer

current abstraction: 2
controllers: 10
abstraction: 2
iteration: 1
iteration: 2
iteration: 3
result: not converged
saved as snapshot, saved to valids
Going coarser

current abstraction: 1
controllers: 11
abstraction: 1
iteration: 1
iteration: 2
iteration: 3
result: converged valid
saved as snapshot, saved to valids
Going finer

current abstraction: 2
controllers: 12
abstraction: 2
iteration: 1
iteration: 2
iteration: 3
result: not converged
saved as snapshot, saved to valids
Going coarser

current abstraction: 1
controllers: 13
abstraction: 1
iteration: 1
iteration: 2
iteration: 3
result: not converged
saved as snapshot, saved to valids
Going coarser

current abstraction: 0
controllers: 14
abstraction: 0
iteration: 1
iteration: 2
iteration: 3
iteration: 4
iteration: 5
iteration: 6
iteration: 7
result: converged valid
saved as snapshot, saved to valids
Going finer

current abstraction: 1
controllers: 15
abstraction: 1
iteration: 1
iteration: 2
iteration: 3
result: not converged
saved as snapshot, saved to valids
Going coarser

current abstraction: 0
controllers: 16
abstraction: 0
iteration: 1
iteration: 2
iteration: 3
result: converged valid
saved as snapshot, saved to valids
Going finer

current abstraction: 1
controllers: 17
abstraction: 1
iteration: 1
iteration: 2
iteration: 3
result: not converged
saved as snapshot, saved to valids
Going coarser

current abstraction: 0
controllers: 18
abstraction: 0
iteration: 1
iteration: 2
result: converged valid
saved as snapshot, saved to valids
Going finer

current abstraction: 1
controllers: 19
abstraction: 1
iteration: 1
iteration: 2
iteration: 3
result: converged valid
saved as snapshot, saved to valids
Going finer

current abstraction: 2
controllers: 20
abstraction: 2
iteration: 1
iteration: 2
iteration: 3
result: converged valid
saved as snapshot, saved to valids
Wrote Ts_ to file.
------------------------------------Total time: 328.962 seconds.
Abstraction construction time: 319.851 seconds.
Controller synthesis time: 7.94465 seconds.
