spiral_3A.log
Initialized etaXs_, tau_.
Initialized solvers.
Xs_ initialized with full domain.
X2s_ initialized with full domain.
U_ initialized with full domain.
SafeInner_ initialized according to specification.
SafeOuter_ initialized with empty domain, and will be set with correct domain later.Zs_ initialized with empty domain.
Rs_ initialized with empty domain.
Cs_ initialized with full domain.
validZs_ initialized with full domain.
Ds_ initialized with empty domain.
innerDs_ initialized with empty domain.
computedDs_ initialized with empty domain.
savedZs_ initialized with empty domain.
Ts_ initialized with empty domain.
TTs_ initialized with empty domain.
uT_ initialized with empty domain.
Number of BDD variables: 89
Initialized permutes.
Initialized cubes.
Initialized notVars.
permuteCoarser 1 to 0: 0 0 0 0 0 0 0 0 0 0 0 0 0 0 1 2 3 4 5 0 6 7 8 9 10 11 0 0 0 0 0 0 0 0 0 0 0 0 0 0 0 0 0 0 0 0 0 0 0 0 0 0 0 0 0 0 0 0 0 0 0 0 0 0 0 0 0 0 0 0 0 0 0 0 0 0 0 0 0 0 0 0 0 0 0 0 0 0 0 
permuteCoarser 2 to 1: 0 0 0 0 0 0 0 0 0 0 0 0 0 0 0 0 0 0 0 0 0 0 0 0 0 0 0 12 13 14 15 16 17 18 0 19 20 21 22 23 24 25 0 0 0 0 0 0 0 0 0 0 0 0 0 0 0 0 0 0 0 0 0 0 0 0 0 0 0 0 0 0 0 0 0 0 0 0 0 0 0 0 0 0 0 0 0 0 0 
permuteFiner 0 to 1: 13 14 15 16 17 18 20 21 22 23 24 25 0 0 0 0 0 0 0 0 0 0 0 0 0 0 0 0 0 0 0 0 0 0 0 0 0 0 0 0 0 0 0 0 0 0 0 0 0 0 0 0 0 0 0 0 0 0 0 0 0 0 0 0 0 0 0 0 0 0 0 0 0 0 0 0 0 0 0 0 0 0 0 0 0 0 0 0 0 
permuteFiner 1 to 2: 0 0 0 0 0 0 0 0 0 0 0 0 27 28 29 30 31 32 33 35 36 37 38 39 40 41 0 0 0 0 0 0 0 0 0 0 0 0 0 0 0 0 0 0 0 0 0 0 0 0 0 0 0 0 0 0 0 0 0 0 0 0 0 0 0 0 0 0 0 0 0 0 0 0 0 0 0 0 0 0 0 0 0 0 0 0 0 0 0 
etaXs_:
abstraction 0: 0.1 0.1 
abstraction 1: 0.05 0.05 
abstraction 2: 0.025 0.025 
tau_:
abstraction 0: 0.05
abstraction 1: 0.05
abstraction 2: 0.05
SafeOuter_ set according to specification.

current recursion depth: 1
	 current abstraction: 0
	 current abstraction: 1
	 current abstraction: 2

current recursion depth: 2
	 current abstraction: 0
	 current abstraction: 1
	 current abstraction: 2

current recursion depth: 3
	 current abstraction: 0
	 current abstraction: 1
	 current abstraction: 2

current recursion depth: 4
	 current abstraction: 0
	 current abstraction: 1
	 current abstraction: 2

current recursion depth: 5
	 current abstraction: 0
	 current abstraction: 1
	 current abstraction: 2

current recursion depth: 6
	 current abstraction: 0
	 current abstraction: 1
	 current abstraction: 2

current recursion depth: 7
	 current abstraction: 0
	 current abstraction: 1
	 current abstraction: 2

current recursion depth: 8
	 current abstraction: 0
	 current abstraction: 1
	 current abstraction: 2

current recursion depth: 9
	 current abstraction: 0
	 current abstraction: 1
	 current abstraction: 2

current recursion depth: 10
	 current abstraction: 0
	 current abstraction: 1
	 current abstraction: 2

current recursion depth: 11
	 current abstraction: 0
	 current abstraction: 1
	 current abstraction: 2

current recursion depth: 12
	 current abstraction: 0
	 current abstraction: 1
	 current abstraction: 2

current recursion depth: 13
	 current abstraction: 0
	 current abstraction: 1
	 current abstraction: 2

current recursion depth: 14
	 current abstraction: 0
	 current abstraction: 1
	 current abstraction: 2

current recursion depth: 15
	 current abstraction: 0
	 current abstraction: 1
	 current abstraction: 2

current recursion depth: 16
	 current abstraction: 0
	 current abstraction: 1
	 current abstraction: 2

current recursion depth: 17
	 current abstraction: 0
	 current abstraction: 1
	 current abstraction: 2

current recursion depth: 18
	 current abstraction: 0
	 current abstraction: 1
	 current abstraction: 2

current recursion depth: 19
	 current abstraction: 0
	 current abstraction: 1
	 current abstraction: 2

current recursion depth: 20
	 current abstraction: 0
	 current abstraction: 1
	 current abstraction: 2

current recursion depth: 21
	 current abstraction: 0
	 current abstraction: 1
	 current abstraction: 2

current recursion depth: 22
	 current abstraction: 0
	 current abstraction: 1
	 current abstraction: 2

current recursion depth: 23
	 current abstraction: 0
	 current abstraction: 1
	 current abstraction: 2

current recursion depth: 24
	 current abstraction: 0
	 current abstraction: 1
	 current abstraction: 2

current recursion depth: 25
	 current abstraction: 0
	 current abstraction: 1
	 current abstraction: 2

current recursion depth: 26
	 current abstraction: 0
	 current abstraction: 1
	 current abstraction: 2

current recursion depth: 27
	 current abstraction: 0
	 current abstraction: 1
	 current abstraction: 2

current recursion depth: 28
	 current abstraction: 0
	 current abstraction: 1
	 current abstraction: 2

current recursion depth: 29
	 current abstraction: 0
	 current abstraction: 1
	 current abstraction: 2

current recursion depth: 30
	 current abstraction: 0
	 current abstraction: 1
	 current abstraction: 2

current recursion depth: 31
	 current abstraction: 0
	 current abstraction: 1
	 current abstraction: 2
Wrote Ts_ to file.
-----------------------------------------------Total time: 8.0044 seconds.
Abstraction construction time: 6.78722 seconds.
Controller synthesis time: 0.87494 seconds.
Abs + syn time: 7.66216 seconds.
