spiral_1A.log
Initialized etaXs_, tau_.
Initialized solvers.
Xs_ initialized with full domain.
X2s_ initialized with full domain.
U_ initialized with full domain.
SafeInner_ initialized according to specification.
SafeOuter_ initialized with empty domain, and will be set with correct domain later.Zs_ initialized with empty domain.
Rs_ initialized with empty domain.
Cs_ initialized with full domain.
validZs_ initialized with full domain.
Ds_ initialized with empty domain.
innerDs_ initialized with empty domain.
computedDs_ initialized with empty domain.
savedZs_ initialized with empty domain.
Ts_ initialized with empty domain.
TTs_ initialized with empty domain.
uT_ initialized with empty domain.
Number of BDD variables: 37
Initialized permutes.
Initialized cubes.
Initialized notVars.
etaXs_:
abstraction 0: 0.025 0.025 
tau_:
abstraction 0: 0.05
SafeOuter_ set according to specification.

current recursion depth: 1
	 current abstraction: 0

current recursion depth: 2
	 current abstraction: 0

current recursion depth: 3
	 current abstraction: 0

current recursion depth: 4
	 current abstraction: 0

current recursion depth: 5
	 current abstraction: 0

current recursion depth: 6
	 current abstraction: 0

current recursion depth: 7
	 current abstraction: 0

current recursion depth: 8
	 current abstraction: 0

current recursion depth: 9
	 current abstraction: 0

current recursion depth: 10
	 current abstraction: 0

current recursion depth: 11
	 current abstraction: 0

current recursion depth: 12
	 current abstraction: 0

current recursion depth: 13
	 current abstraction: 0

current recursion depth: 14
	 current abstraction: 0

current recursion depth: 15
	 current abstraction: 0

current recursion depth: 16
	 current abstraction: 0

current recursion depth: 17
	 current abstraction: 0

current recursion depth: 18
	 current abstraction: 0

current recursion depth: 19
	 current abstraction: 0

current recursion depth: 20
	 current abstraction: 0

current recursion depth: 21
	 current abstraction: 0

current recursion depth: 22
	 current abstraction: 0

current recursion depth: 23
	 current abstraction: 0

current recursion depth: 24
	 current abstraction: 0

current recursion depth: 25
	 current abstraction: 0

current recursion depth: 26
	 current abstraction: 0

current recursion depth: 27
	 current abstraction: 0

current recursion depth: 28
	 current abstraction: 0

current recursion depth: 29
	 current abstraction: 0

current recursion depth: 30
	 current abstraction: 0
Wrote Ts_ to file.
-----------------------------------------------Total time: 12.7855 seconds.
Abstraction construction time: 9.54409 seconds.
Controller synthesis time: 2.34834 seconds.
Abs + syn time: 11.8924 seconds.
