unicycle.log
Initialized etaXs_, tau_.
Initialized solvers.
Xs_ initialized with full domain.
X2s_ initialized with full domain.
U_ initialized with full domain.
Os_ initialized according to specification.
Zs_ initialized with empty domain.
Cs_ initialized with empty domain.
Number of BDD variables: 115
Initialized permutes.
Initialized cubes.
Initialized notVars.
permuteCoarser 1 to 0: 0 0 0 0 0 0 0 0 0 0 0 0 0 0 0 0 0 1 2 3 4 0 5 6 7 8 9 0 10 11 12 13 14 0 0 0 0 0 0 0 0 0 0 0 0 0 0 0 0 0 0 0 0 0 0 0 0 0 0 0 0 0 0 0 0 0 0 0 0 0 0 0 0 0 0 0 0 0 0 0 0 0 0 0 0 0 0 0 0 0 0 0 0 0 0 0 0 0 0 0 0 0 0 0 0 0 0 0 0 0 0 0 0 0 0 
permuteCoarser 2 to 1: 0 0 0 0 0 0 0 0 0 0 0 0 0 0 0 0 0 0 0 0 0 0 0 0 0 0 0 0 0 0 0 0 0 0 15 16 17 18 19 20 0 21 22 23 24 25 26 0 27 28 29 30 31 32 0 0 0 0 0 0 0 0 0 0 0 0 0 0 0 0 0 0 0 0 0 0 0 0 0 0 0 0 0 0 0 0 0 0 0 0 0 0 0 0 0 0 0 0 0 0 0 0 0 0 0 0 0 0 0 0 0 0 0 0 0 
permuteFiner 0 to 1: 16 17 18 19 20 22 23 24 25 26 28 29 30 31 32 0 0 0 0 0 0 0 0 0 0 0 0 0 0 0 0 0 0 0 0 0 0 0 0 0 0 0 0 0 0 0 0 0 0 0 0 0 0 0 0 0 0 0 0 0 0 0 0 0 0 0 0 0 0 0 0 0 0 0 0 0 0 0 0 0 0 0 0 0 0 0 0 0 0 0 0 0 0 0 0 0 0 0 0 0 0 0 0 0 0 0 0 0 0 0 0 0 0 0 0 
permuteFiner 1 to 2: 0 0 0 0 0 0 0 0 0 0 0 0 0 0 0 34 35 36 37 38 39 41 42 43 44 45 46 48 49 50 51 52 53 0 0 0 0 0 0 0 0 0 0 0 0 0 0 0 0 0 0 0 0 0 0 0 0 0 0 0 0 0 0 0 0 0 0 0 0 0 0 0 0 0 0 0 0 0 0 0 0 0 0 0 0 0 0 0 0 0 0 0 0 0 0 0 0 0 0 0 0 0 0 0 0 0 0 0 0 0 0 0 0 0 0 
etaXs_:
abstraction 0: 0.6 0.6 0.3 
abstraction 1: 0.3 0.3 0.15 
abstraction 2: 0.15 0.15 0.075 
tau_:
abstraction 0: 0.9
abstraction 1: 0.45
abstraction 2: 0.225
Gs_ initialized.
Is_ initialized.
------------------------------------------------initializeSpec on Gs_, Is_, Os_: 0.00119724 seconds.
No obstacle problem with specification.
validZs_ initialized with empty domain.
validCs_ initialized with empty domain.
preYs_ initialized with full domain.
Ts_ initialized with empty domain.
Ts_ computed by sampling system behavior.
------------------------------------------------computeAbstractions: 2516.26 seconds.
Wrote Ts_ to file.
TTs_ initialized by ExistAbstracting from Ts_.
Os_ removed from Ts_, TTs_.
current abstraction: 0
mu iteration: 1
justCoarsed: 0
iterCurAbs: 1
reached: 0
controllers: 0
First iteration, nothing happens.

current abstraction: 0
mu iteration: 2
justCoarsed: 0
iterCurAbs: 1
reached: 0
controllers: 0
No new winning states; going finer.
Current controller has not been declared valid.
Removing last elements of finalCs_ and finalZs_.
Resetting Zs_[0] and Cs_[0] from valids.

current abstraction: 1
mu iteration: 3
justCoarsed: 0
iterCurAbs: 1
reached: 0
controllers: 0

current abstraction: 1
mu iteration: 4
justCoarsed: 0
iterCurAbs: 2
reached: 0
controllers: 0
No new winning states; going finer.
Current controller has not been declared valid.
Removing last elements of finalCs_ and finalZs_.
Resetting Zs_[1] and Cs_[1] from valids.

current abstraction: 2
mu iteration: 5
justCoarsed: 0
iterCurAbs: 1
reached: 0
controllers: 0

current abstraction: 2
mu iteration: 6
justCoarsed: 0
iterCurAbs: 2
reached: 0
controllers: 0

current abstraction: 2
mu iteration: 7
justCoarsed: 0
iterCurAbs: 3
reached: 0
controllers: 0

current abstraction: 2
mu iteration: 8
justCoarsed: 0
iterCurAbs: 4
reached: 0
controllers: 0

current abstraction: 2
mu iteration: 9
justCoarsed: 0
iterCurAbs: 5
reached: 0
controllers: 0

current abstraction: 2
mu iteration: 10
justCoarsed: 0
iterCurAbs: 6
reached: 0
controllers: 0
First assignment of valid controller, justStarted = 0.
More new states, minToGoCoarser achieved; try going coarser.
Projecting to coarser gives more states in coarser.
Saving Z and C of abstraction 2 into validZs, validCs, finalZs, finalCs.
Saving Z and C of abstraction 1 into validZs_, validCs.

current abstraction: 1
mu iteration: 11
justCoarsed: 1
iterCurAbs: 1
reached: 0
controllers: 1

current abstraction: 1
mu iteration: 12
justCoarsed: 1
iterCurAbs: 2
reached: 0
controllers: 1
No new winning states; going finer.
Current controller has not been declared valid.
Removing last elements of finalCs_ and finalZs_.
Resetting Zs_[1] and Cs_[1] from valids.

current abstraction: 2
mu iteration: 13
justCoarsed: 0
iterCurAbs: 1
reached: 0
controllers: 0

current abstraction: 2
mu iteration: 14
justCoarsed: 0
iterCurAbs: 2
reached: 0
controllers: 0

current abstraction: 2
mu iteration: 15
justCoarsed: 0
iterCurAbs: 3
reached: 0
controllers: 0

current abstraction: 2
mu iteration: 16
justCoarsed: 0
iterCurAbs: 4
reached: 0
controllers: 0

current abstraction: 2
mu iteration: 17
justCoarsed: 0
iterCurAbs: 5
reached: 0
controllers: 0

current abstraction: 2
mu iteration: 18
justCoarsed: 0
iterCurAbs: 6
reached: 0
controllers: 0
More new states, minToGoCoarser achieved; try going coarser.
Projecting to coarser gives more states in coarser.
Saving Z and C of abstraction 2 into validZs, validCs, finalZs, finalCs.
Saving Z and C of abstraction 1 into validZs_, validCs.

current abstraction: 1
mu iteration: 19
justCoarsed: 1
iterCurAbs: 1
reached: 0
controllers: 1

current abstraction: 1
mu iteration: 20
justCoarsed: 1
iterCurAbs: 2
reached: 0
controllers: 1

current abstraction: 1
mu iteration: 21
justCoarsed: 1
iterCurAbs: 3
reached: 0
controllers: 1

current abstraction: 1
mu iteration: 22
justCoarsed: 1
iterCurAbs: 4
reached: 0
controllers: 1

current abstraction: 1
mu iteration: 23
justCoarsed: 1
iterCurAbs: 5
reached: 0
controllers: 1

current abstraction: 1
mu iteration: 24
justCoarsed: 1
iterCurAbs: 6
reached: 0
controllers: 1
Current controller now valid.
More new states, minToGoCoarser achieved; try going coarser.
Projecting to coarser gives more states in coarser.
Saving Z and C of abstraction 1 into validZs, validCs, finalZs, finalCs.
Saving Z and C of abstraction 0 into validZs_, validCs.

current abstraction: 0
mu iteration: 25
justCoarsed: 1
iterCurAbs: 1
reached: 0
controllers: 2
More new states, already at coarsest gridding, continuing.

current abstraction: 0
mu iteration: 26
justCoarsed: 1
iterCurAbs: 2
reached: 0
controllers: 2
More new states, already at coarsest gridding, continuing.

current abstraction: 0
mu iteration: 27
justCoarsed: 1
iterCurAbs: 3
reached: 0
controllers: 2
More new states, already at coarsest gridding, continuing.

current abstraction: 0
mu iteration: 28
justCoarsed: 1
iterCurAbs: 4
reached: 0
controllers: 2
More new states, already at coarsest gridding, continuing.

current abstraction: 0
mu iteration: 29
justCoarsed: 1
iterCurAbs: 5
reached: 0
controllers: 2
More new states, already at coarsest gridding, continuing.

current abstraction: 0
mu iteration: 30
justCoarsed: 1
iterCurAbs: 6
reached: 0
controllers: 2
Current controller now valid.
More new states, already at coarsest gridding, continuing.

current abstraction: 0
mu iteration: 31
justCoarsed: 0
iterCurAbs: 7
reached: 0
controllers: 2
More new states, already at coarsest gridding, continuing.

current abstraction: 0
mu iteration: 32
justCoarsed: 0
iterCurAbs: 8
reached: 0
controllers: 2
More new states, already at coarsest gridding, continuing.

current abstraction: 0
mu iteration: 33
justCoarsed: 0
iterCurAbs: 9
reached: 0
controllers: 2
More new states, already at coarsest gridding, continuing.

current abstraction: 0
mu iteration: 34
justCoarsed: 0
iterCurAbs: 10
reached: 0
controllers: 2
More new states, already at coarsest gridding, continuing.

current abstraction: 0
mu iteration: 35
justCoarsed: 0
iterCurAbs: 11
reached: 0
controllers: 2
More new states, already at coarsest gridding, continuing.

current abstraction: 0
mu iteration: 36
justCoarsed: 0
iterCurAbs: 12
reached: 0
controllers: 2
More new states, already at coarsest gridding, continuing.

current abstraction: 0
mu iteration: 37
justCoarsed: 0
iterCurAbs: 13
reached: 0
controllers: 2
More new states, already at coarsest gridding, continuing.

current abstraction: 0
mu iteration: 38
justCoarsed: 0
iterCurAbs: 14
reached: 0
controllers: 2
More new states, already at coarsest gridding, continuing.

current abstraction: 0
mu iteration: 39
justCoarsed: 0
iterCurAbs: 15
reached: 0
controllers: 2
More new states, already at coarsest gridding, continuing.

current abstraction: 0
mu iteration: 40
justCoarsed: 0
iterCurAbs: 16
reached: 0
controllers: 2
More new states, already at coarsest gridding, continuing.

current abstraction: 0
mu iteration: 41
justCoarsed: 0
iterCurAbs: 17
reached: 0
controllers: 2
More new states, already at coarsest gridding, continuing.

current abstraction: 0
mu iteration: 42
justCoarsed: 0
iterCurAbs: 18
reached: 0
controllers: 2
More new states, already at coarsest gridding, continuing.

current abstraction: 0
mu iteration: 43
justCoarsed: 0
iterCurAbs: 19
reached: 0
controllers: 2
More new states, already at coarsest gridding, continuing.

current abstraction: 0
mu iteration: 44
justCoarsed: 0
iterCurAbs: 20
reached: 0
controllers: 2
More new states, already at coarsest gridding, continuing.

current abstraction: 0
mu iteration: 45
justCoarsed: 0
iterCurAbs: 21
reached: 0
controllers: 2
No new winning states; going finer.
Current controller has been declared valid.
Saving Z and C of abstraction 0 into valids, finals.
Finding inner approximation of Zs_[0] and copying into validZs_[1].

current abstraction: 1
mu iteration: 46
justCoarsed: 0
iterCurAbs: 1
reached: 0
controllers: 3

current abstraction: 1
mu iteration: 47
justCoarsed: 0
iterCurAbs: 2
reached: 0
controllers: 3

current abstraction: 1
mu iteration: 48
justCoarsed: 0
iterCurAbs: 3
reached: 0
controllers: 3

current abstraction: 1
mu iteration: 49
justCoarsed: 0
iterCurAbs: 4
reached: 0
controllers: 3

current abstraction: 1
mu iteration: 50
justCoarsed: 0
iterCurAbs: 5
reached: 0
controllers: 3

current abstraction: 1
mu iteration: 51
justCoarsed: 0
iterCurAbs: 6
reached: 0
controllers: 3
More new states, minToGoCoarser achieved; try going coarser.
Projecting to coarser gives more states in coarser.
Saving Z and C of abstraction 1 into validZs, validCs, finalZs, finalCs.
Saving Z and C of abstraction 0 into validZs_, validCs.

current abstraction: 0
mu iteration: 52
justCoarsed: 1
iterCurAbs: 1
reached: 0
controllers: 4
More new states, already at coarsest gridding, continuing.

current abstraction: 0
mu iteration: 53
justCoarsed: 1
iterCurAbs: 2
reached: 0
controllers: 4
More new states, already at coarsest gridding, continuing.

current abstraction: 0
mu iteration: 54
justCoarsed: 1
iterCurAbs: 3
reached: 0
controllers: 4
More new states, already at coarsest gridding, continuing.

current abstraction: 0
mu iteration: 55
justCoarsed: 1
iterCurAbs: 4
reached: 0
controllers: 4
More new states, already at coarsest gridding, continuing.

current abstraction: 0
mu iteration: 56
justCoarsed: 1
iterCurAbs: 5
reached: 0
controllers: 4
More new states, already at coarsest gridding, continuing.

current abstraction: 0
mu iteration: 57
justCoarsed: 1
iterCurAbs: 6
reached: 0
controllers: 4
Current controller now valid.
More new states, already at coarsest gridding, continuing.

current abstraction: 0
mu iteration: 58
justCoarsed: 0
iterCurAbs: 7
reached: 0
controllers: 4
More new states, already at coarsest gridding, continuing.

current abstraction: 0
mu iteration: 59
justCoarsed: 0
iterCurAbs: 8
reached: 0
controllers: 4
More new states, already at coarsest gridding, continuing.

current abstraction: 0
mu iteration: 60
justCoarsed: 0
iterCurAbs: 9
reached: 0
controllers: 4
More new states, already at coarsest gridding, continuing.

current abstraction: 0
mu iteration: 61
justCoarsed: 0
iterCurAbs: 10
reached: 0
controllers: 4
More new states, already at coarsest gridding, continuing.

current abstraction: 0
mu iteration: 62
justCoarsed: 0
iterCurAbs: 11
reached: 0
controllers: 4
More new states, already at coarsest gridding, continuing.

current abstraction: 0
mu iteration: 63
justCoarsed: 0
iterCurAbs: 12
reached: 0
controllers: 4
More new states, already at coarsest gridding, continuing.

current abstraction: 0
mu iteration: 64
justCoarsed: 0
iterCurAbs: 13
reached: 0
controllers: 4
More new states, already at coarsest gridding, continuing.

current abstraction: 0
mu iteration: 65
justCoarsed: 0
iterCurAbs: 14
reached: 0
controllers: 4
More new states, already at coarsest gridding, continuing.

current abstraction: 0
mu iteration: 66
justCoarsed: 0
iterCurAbs: 15
reached: 0
controllers: 4
More new states, already at coarsest gridding, continuing.

current abstraction: 0
mu iteration: 67
justCoarsed: 0
iterCurAbs: 16
reached: 0
controllers: 4
More new states, already at coarsest gridding, continuing.

current abstraction: 0
mu iteration: 68
justCoarsed: 0
iterCurAbs: 17
reached: 0
controllers: 4
More new states, already at coarsest gridding, continuing.

current abstraction: 0
mu iteration: 69
justCoarsed: 0
iterCurAbs: 18
reached: 0
controllers: 4
More new states, already at coarsest gridding, continuing.

current abstraction: 0
mu iteration: 70
justCoarsed: 0
iterCurAbs: 19
reached: 0
controllers: 4
More new states, already at coarsest gridding, continuing.

current abstraction: 0
mu iteration: 71
justCoarsed: 0
iterCurAbs: 20
reached: 0
controllers: 4
More new states, already at coarsest gridding, continuing.

current abstraction: 0
mu iteration: 72
justCoarsed: 0
iterCurAbs: 21
reached: 0
controllers: 4
More new states, already at coarsest gridding, continuing.

current abstraction: 0
mu iteration: 73
justCoarsed: 0
iterCurAbs: 22
reached: 0
controllers: 4
More new states, already at coarsest gridding, continuing.

current abstraction: 0
mu iteration: 74
justCoarsed: 0
iterCurAbs: 23
reached: 0
controllers: 4
More new states, already at coarsest gridding, continuing.

current abstraction: 0
mu iteration: 75
justCoarsed: 0
iterCurAbs: 24
reached: 0
controllers: 4
More new states, already at coarsest gridding, continuing.

current abstraction: 0
mu iteration: 76
justCoarsed: 0
iterCurAbs: 25
reached: 0
controllers: 4
More new states, already at coarsest gridding, continuing.

current abstraction: 0
mu iteration: 77
justCoarsed: 0
iterCurAbs: 26
reached: 0
controllers: 4
More new states, already at coarsest gridding, continuing.

current abstraction: 0
mu iteration: 78
justCoarsed: 0
iterCurAbs: 27
reached: 0
controllers: 4
More new states, already at coarsest gridding, continuing.

current abstraction: 0
mu iteration: 79
justCoarsed: 0
iterCurAbs: 28
reached: 0
controllers: 4
More new states, already at coarsest gridding, continuing.

current abstraction: 0
mu iteration: 80
justCoarsed: 0
iterCurAbs: 29
reached: 0
controllers: 4
More new states, already at coarsest gridding, continuing.

current abstraction: 0
mu iteration: 81
justCoarsed: 0
iterCurAbs: 30
reached: 0
controllers: 4
More new states, already at coarsest gridding, continuing.

current abstraction: 0
mu iteration: 82
justCoarsed: 0
iterCurAbs: 31
reached: 0
controllers: 4
More new states, already at coarsest gridding, continuing.

current abstraction: 0
mu iteration: 83
justCoarsed: 0
iterCurAbs: 32
reached: 0
controllers: 4
More new states, already at coarsest gridding, continuing.

current abstraction: 0
mu iteration: 84
justCoarsed: 0
iterCurAbs: 33
reached: 0
controllers: 4
No new winning states; going finer.
Current controller has been declared valid.
Saving Z and C of abstraction 0 into valids, finals.
Finding inner approximation of Zs_[0] and copying into validZs_[1].

current abstraction: 1
mu iteration: 85
justCoarsed: 0
iterCurAbs: 1
reached: 0
controllers: 5

current abstraction: 1
mu iteration: 86
justCoarsed: 0
iterCurAbs: 2
reached: 0
controllers: 5

current abstraction: 1
mu iteration: 87
justCoarsed: 0
iterCurAbs: 3
reached: 0
controllers: 5

current abstraction: 1
mu iteration: 88
justCoarsed: 0
iterCurAbs: 4
reached: 0
controllers: 5

current abstraction: 1
mu iteration: 89
justCoarsed: 0
iterCurAbs: 5
reached: 0
controllers: 5
No new winning states; going finer.
Current controller has been declared valid.
Saving Z and C of abstraction 1 into valids, finals.
Finding inner approximation of Zs_[1] and copying into validZs_[2].

current abstraction: 2
mu iteration: 90
justCoarsed: 0
iterCurAbs: 1
reached: 0
controllers: 6

current abstraction: 2
mu iteration: 91
justCoarsed: 0
iterCurAbs: 2
reached: 0
controllers: 6

current abstraction: 2
mu iteration: 92
justCoarsed: 0
iterCurAbs: 3
reached: 0
controllers: 6

current abstraction: 2
mu iteration: 93
justCoarsed: 0
iterCurAbs: 4
reached: 0
controllers: 6

current abstraction: 2
mu iteration: 94
justCoarsed: 0
iterCurAbs: 5
reached: 0
controllers: 6

current abstraction: 2
mu iteration: 95
justCoarsed: 0
iterCurAbs: 6
reached: 0
controllers: 6
More new states, minToGoCoarser achieved; try going coarser.
Projecting to coarser gives more states in coarser.
Saving Z and C of abstraction 2 into validZs, validCs, finalZs, finalCs.
Saving Z and C of abstraction 1 into validZs_, validCs.

current abstraction: 1
mu iteration: 96
justCoarsed: 1
iterCurAbs: 1
reached: 0
controllers: 7

current abstraction: 1
mu iteration: 97
justCoarsed: 1
iterCurAbs: 2
reached: 0
controllers: 7
No new winning states; going finer.
Current controller has not been declared valid.
Removing last elements of finalCs_ and finalZs_.
Resetting Zs_[1] and Cs_[1] from valids.

current abstraction: 2
mu iteration: 98
justCoarsed: 0
iterCurAbs: 1
reached: 0
controllers: 6

current abstraction: 2
mu iteration: 99
justCoarsed: 0
iterCurAbs: 2
reached: 0
controllers: 6

current abstraction: 2
mu iteration: 100
justCoarsed: 0
iterCurAbs: 3
reached: 0
controllers: 6

current abstraction: 2
mu iteration: 101
justCoarsed: 0
iterCurAbs: 4
reached: 0
controllers: 6

current abstraction: 2
mu iteration: 102
justCoarsed: 0
iterCurAbs: 5
reached: 0
controllers: 6

current abstraction: 2
mu iteration: 103
justCoarsed: 0
iterCurAbs: 6
reached: 0
controllers: 6
More new states, minToGoCoarser achieved; try going coarser.
Projecting to coarser gives more states in coarser.
Saving Z and C of abstraction 2 into validZs, validCs, finalZs, finalCs.
Saving Z and C of abstraction 1 into validZs_, validCs.

current abstraction: 1
mu iteration: 104
justCoarsed: 1
iterCurAbs: 1
reached: 0
controllers: 7

current abstraction: 1
mu iteration: 105
justCoarsed: 1
iterCurAbs: 2
reached: 0
controllers: 7
No new winning states; going finer.
Current controller has not been declared valid.
Removing last elements of finalCs_ and finalZs_.
Resetting Zs_[1] and Cs_[1] from valids.

current abstraction: 2
mu iteration: 106
justCoarsed: 0
iterCurAbs: 1
reached: 0
controllers: 6

current abstraction: 2
mu iteration: 107
justCoarsed: 0
iterCurAbs: 2
reached: 0
controllers: 6

current abstraction: 2
mu iteration: 108
justCoarsed: 0
iterCurAbs: 3
reached: 0
controllers: 6

current abstraction: 2
mu iteration: 109
justCoarsed: 0
iterCurAbs: 4
reached: 0
controllers: 6

current abstraction: 2
mu iteration: 110
justCoarsed: 0
iterCurAbs: 5
reached: 0
controllers: 6

current abstraction: 2
mu iteration: 111
justCoarsed: 0
iterCurAbs: 6
reached: 0
controllers: 6
More new states, minToGoCoarser achieved; try going coarser.
Projecting to coarser gives more states in coarser.
Saving Z and C of abstraction 2 into validZs, validCs, finalZs, finalCs.
Saving Z and C of abstraction 1 into validZs_, validCs.

current abstraction: 1
mu iteration: 112
justCoarsed: 1
iterCurAbs: 1
reached: 0
controllers: 7

current abstraction: 1
mu iteration: 113
justCoarsed: 1
iterCurAbs: 2
reached: 0
controllers: 7
No new winning states; going finer.
Current controller has not been declared valid.
Removing last elements of finalCs_ and finalZs_.
Resetting Zs_[1] and Cs_[1] from valids.

current abstraction: 2
mu iteration: 114
justCoarsed: 0
iterCurAbs: 1
reached: 0
controllers: 6

current abstraction: 2
mu iteration: 115
justCoarsed: 0
iterCurAbs: 2
reached: 0
controllers: 6

current abstraction: 2
mu iteration: 116
justCoarsed: 0
iterCurAbs: 3
reached: 0
controllers: 6

current abstraction: 2
mu iteration: 117
justCoarsed: 0
iterCurAbs: 4
reached: 0
controllers: 6

current abstraction: 2
mu iteration: 118
justCoarsed: 0
iterCurAbs: 5
reached: 0
controllers: 6

current abstraction: 2
mu iteration: 119
justCoarsed: 0
iterCurAbs: 6
reached: 0
controllers: 6
More new states, minToGoCoarser achieved; try going coarser.
Projecting to coarser gives more states in coarser.
Saving Z and C of abstraction 2 into validZs, validCs, finalZs, finalCs.
Saving Z and C of abstraction 1 into validZs_, validCs.

current abstraction: 1
mu iteration: 120
justCoarsed: 1
iterCurAbs: 1
reached: 0
controllers: 7

current abstraction: 1
mu iteration: 121
justCoarsed: 1
iterCurAbs: 2
reached: 0
controllers: 7

current abstraction: 1
mu iteration: 122
justCoarsed: 1
iterCurAbs: 3
reached: 0
controllers: 7
No new winning states; going finer.
Current controller has not been declared valid.
Removing last elements of finalCs_ and finalZs_.
Resetting Zs_[1] and Cs_[1] from valids.

current abstraction: 2
mu iteration: 123
justCoarsed: 0
iterCurAbs: 1
reached: 0
controllers: 6

current abstraction: 2
mu iteration: 124
justCoarsed: 0
iterCurAbs: 2
reached: 0
controllers: 6

current abstraction: 2
mu iteration: 125
justCoarsed: 0
iterCurAbs: 3
reached: 0
controllers: 6

current abstraction: 2
mu iteration: 126
justCoarsed: 0
iterCurAbs: 4
reached: 0
controllers: 6

current abstraction: 2
mu iteration: 127
justCoarsed: 0
iterCurAbs: 5
reached: 0
controllers: 6

current abstraction: 2
mu iteration: 128
justCoarsed: 0
iterCurAbs: 6
reached: 0
controllers: 6
More new states, minToGoCoarser achieved; try going coarser.
Projecting to coarser gives more states in coarser.
Saving Z and C of abstraction 2 into validZs, validCs, finalZs, finalCs.
Saving Z and C of abstraction 1 into validZs_, validCs.

current abstraction: 1
mu iteration: 129
justCoarsed: 1
iterCurAbs: 1
reached: 0
controllers: 7

current abstraction: 1
mu iteration: 130
justCoarsed: 1
iterCurAbs: 2
reached: 0
controllers: 7

current abstraction: 1
mu iteration: 131
justCoarsed: 1
iterCurAbs: 3
reached: 0
controllers: 7

current abstraction: 1
mu iteration: 132
justCoarsed: 1
iterCurAbs: 4
reached: 0
controllers: 7

current abstraction: 1
mu iteration: 133
justCoarsed: 1
iterCurAbs: 5
reached: 0
controllers: 7

current abstraction: 1
mu iteration: 134
justCoarsed: 1
iterCurAbs: 6
reached: 0
controllers: 7
Current controller now valid.
More new states, minToGoCoarser achieved; try going coarser.
Projecting to coarser gives more states in coarser.
Saving Z and C of abstraction 1 into validZs, validCs, finalZs, finalCs.
Saving Z and C of abstraction 0 into validZs_, validCs.

current abstraction: 0
mu iteration: 135
justCoarsed: 1
iterCurAbs: 1
reached: 0
controllers: 8
More new states, already at coarsest gridding, continuing.

current abstraction: 0
mu iteration: 136
justCoarsed: 1
iterCurAbs: 2
reached: 0
controllers: 8
More new states, already at coarsest gridding, continuing.

current abstraction: 0
mu iteration: 137
justCoarsed: 1
iterCurAbs: 3
reached: 0
controllers: 8
More new states, already at coarsest gridding, continuing.

current abstraction: 0
mu iteration: 138
justCoarsed: 1
iterCurAbs: 4
reached: 0
controllers: 8
More new states, already at coarsest gridding, continuing.

current abstraction: 0
mu iteration: 139
justCoarsed: 1
iterCurAbs: 5
reached: 0
controllers: 8
More new states, already at coarsest gridding, continuing.

current abstraction: 0
mu iteration: 140
justCoarsed: 1
iterCurAbs: 6
reached: 0
controllers: 8
Current controller now valid.
More new states, already at coarsest gridding, continuing.

current abstraction: 0
mu iteration: 141
justCoarsed: 0
iterCurAbs: 7
reached: 0
controllers: 8
More new states, already at coarsest gridding, continuing.

current abstraction: 0
mu iteration: 142
justCoarsed: 0
iterCurAbs: 8
reached: 0
controllers: 8
More new states, already at coarsest gridding, continuing.

current abstraction: 0
mu iteration: 143
justCoarsed: 0
iterCurAbs: 9
reached: 0
controllers: 8
More new states, already at coarsest gridding, continuing.

current abstraction: 0
mu iteration: 144
justCoarsed: 0
iterCurAbs: 10
reached: 0
controllers: 8
No new winning states; going finer.
Current controller has been declared valid.
Saving Z and C of abstraction 0 into valids, finals.
Finding inner approximation of Zs_[0] and copying into validZs_[1].

current abstraction: 1
mu iteration: 145
justCoarsed: 0
iterCurAbs: 1
reached: 0
controllers: 9

current abstraction: 1
mu iteration: 146
justCoarsed: 0
iterCurAbs: 2
reached: 0
controllers: 9

current abstraction: 1
mu iteration: 147
justCoarsed: 0
iterCurAbs: 3
reached: 0
controllers: 9

current abstraction: 1
mu iteration: 148
justCoarsed: 0
iterCurAbs: 4
reached: 0
controllers: 9

current abstraction: 1
mu iteration: 149
justCoarsed: 0
iterCurAbs: 5
reached: 0
controllers: 9

current abstraction: 1
mu iteration: 150
justCoarsed: 0
iterCurAbs: 6
reached: 0
controllers: 9
More new states, minToGoCoarser achieved; try going coarser.
Projecting to coarser gives more states in coarser.
Saving Z and C of abstraction 1 into validZs, validCs, finalZs, finalCs.
Saving Z and C of abstraction 0 into validZs_, validCs.

current abstraction: 0
mu iteration: 151
justCoarsed: 1
iterCurAbs: 1
reached: 0
controllers: 10
More new states, already at coarsest gridding, continuing.

current abstraction: 0
mu iteration: 152
justCoarsed: 1
iterCurAbs: 2
reached: 0
controllers: 10
More new states, already at coarsest gridding, continuing.

current abstraction: 0
mu iteration: 153
justCoarsed: 1
iterCurAbs: 3
reached: 0
controllers: 10
More new states, already at coarsest gridding, continuing.

current abstraction: 0
mu iteration: 154
justCoarsed: 1
iterCurAbs: 4
reached: 0
controllers: 10
More new states, already at coarsest gridding, continuing.

current abstraction: 0
mu iteration: 155
justCoarsed: 1
iterCurAbs: 5
reached: 0
controllers: 10
More new states, already at coarsest gridding, continuing.

current abstraction: 0
mu iteration: 156
justCoarsed: 1
iterCurAbs: 6
reached: 0
controllers: 10
Current controller now valid.
More new states, already at coarsest gridding, continuing.

current abstraction: 0
mu iteration: 157
justCoarsed: 0
iterCurAbs: 7
reached: 0
controllers: 10
More new states, already at coarsest gridding, continuing.

current abstraction: 0
mu iteration: 158
justCoarsed: 0
iterCurAbs: 8
reached: 0
controllers: 10
More new states, already at coarsest gridding, continuing.

current abstraction: 0
mu iteration: 159
justCoarsed: 0
iterCurAbs: 9
reached: 0
controllers: 10
More new states, already at coarsest gridding, continuing.

current abstraction: 0
mu iteration: 160
justCoarsed: 0
iterCurAbs: 10
reached: 0
controllers: 10
More new states, already at coarsest gridding, continuing.

current abstraction: 0
mu iteration: 161
justCoarsed: 0
iterCurAbs: 11
reached: 0
controllers: 10
More new states, already at coarsest gridding, continuing.

current abstraction: 0
mu iteration: 162
justCoarsed: 0
iterCurAbs: 12
reached: 0
controllers: 10
More new states, already at coarsest gridding, continuing.

current abstraction: 0
mu iteration: 163
justCoarsed: 0
iterCurAbs: 13
reached: 0
controllers: 10
More new states, already at coarsest gridding, continuing.

current abstraction: 0
mu iteration: 164
justCoarsed: 0
iterCurAbs: 14
reached: 0
controllers: 10
More new states, already at coarsest gridding, continuing.

current abstraction: 0
mu iteration: 165
justCoarsed: 0
iterCurAbs: 15
reached: 0
controllers: 10
No new winning states; going finer.
Current controller has been declared valid.
Saving Z and C of abstraction 0 into valids, finals.
Finding inner approximation of Zs_[0] and copying into validZs_[1].

current abstraction: 1
mu iteration: 166
justCoarsed: 0
iterCurAbs: 1
reached: 0
controllers: 11

current abstraction: 1
mu iteration: 167
justCoarsed: 0
iterCurAbs: 2
reached: 0
controllers: 11

current abstraction: 1
mu iteration: 168
justCoarsed: 0
iterCurAbs: 3
reached: 0
controllers: 11

current abstraction: 1
mu iteration: 169
justCoarsed: 0
iterCurAbs: 4
reached: 0
controllers: 11

current abstraction: 1
mu iteration: 170
justCoarsed: 0
iterCurAbs: 5
reached: 0
controllers: 11

current abstraction: 1
mu iteration: 171
justCoarsed: 0
iterCurAbs: 6
reached: 0
controllers: 11
More new states, minToGoCoarser achieved; try going coarser.
Projecting to coarser gives more states in coarser.
Saving Z and C of abstraction 1 into validZs, validCs, finalZs, finalCs.
Saving Z and C of abstraction 0 into validZs_, validCs.

current abstraction: 0
mu iteration: 172
justCoarsed: 1
iterCurAbs: 1
reached: 0
controllers: 12
More new states, already at coarsest gridding, continuing.

current abstraction: 0
mu iteration: 173
justCoarsed: 1
iterCurAbs: 2
reached: 0
controllers: 12
More new states, already at coarsest gridding, continuing.

current abstraction: 0
mu iteration: 174
justCoarsed: 1
iterCurAbs: 3
reached: 0
controllers: 12
No new winning states; going finer.
Current controller has not been declared valid.
Removing last elements of finalCs_ and finalZs_.
Resetting Zs_[0] and Cs_[0] from valids.

current abstraction: 1
mu iteration: 175
justCoarsed: 0
iterCurAbs: 1
reached: 0
controllers: 11

current abstraction: 1
mu iteration: 176
justCoarsed: 0
iterCurAbs: 2
reached: 0
controllers: 11

current abstraction: 1
mu iteration: 177
justCoarsed: 0
iterCurAbs: 3
reached: 0
controllers: 11

current abstraction: 1
mu iteration: 178
justCoarsed: 0
iterCurAbs: 4
reached: 0
controllers: 11

current abstraction: 1
mu iteration: 179
justCoarsed: 0
iterCurAbs: 5
reached: 0
controllers: 11

current abstraction: 1
mu iteration: 180
justCoarsed: 0
iterCurAbs: 6
reached: 0
controllers: 11
More new states, minToGoCoarser achieved; try going coarser.
Projecting to coarser gives more states in coarser.
Saving Z and C of abstraction 1 into validZs, validCs, finalZs, finalCs.
Saving Z and C of abstraction 0 into validZs_, validCs.

current abstraction: 0
mu iteration: 181
justCoarsed: 1
iterCurAbs: 1
reached: 0
controllers: 12
More new states, already at coarsest gridding, continuing.

current abstraction: 0
mu iteration: 182
justCoarsed: 1
iterCurAbs: 2
reached: 0
controllers: 12
More new states, already at coarsest gridding, continuing.

current abstraction: 0
mu iteration: 183
justCoarsed: 1
iterCurAbs: 3
reached: 0
controllers: 12
No new winning states; going finer.
Current controller has not been declared valid.
Removing last elements of finalCs_ and finalZs_.
Resetting Zs_[0] and Cs_[0] from valids.

current abstraction: 1
mu iteration: 184
justCoarsed: 0
iterCurAbs: 1
reached: 0
controllers: 11

current abstraction: 1
mu iteration: 185
justCoarsed: 0
iterCurAbs: 2
reached: 0
controllers: 11

current abstraction: 1
mu iteration: 186
justCoarsed: 0
iterCurAbs: 3
reached: 0
controllers: 11

current abstraction: 1
mu iteration: 187
justCoarsed: 0
iterCurAbs: 4
reached: 0
controllers: 11

current abstraction: 1
mu iteration: 188
justCoarsed: 0
iterCurAbs: 5
reached: 0
controllers: 11

current abstraction: 1
mu iteration: 189
justCoarsed: 0
iterCurAbs: 6
reached: 0
controllers: 11
More new states, minToGoCoarser achieved; try going coarser.
Projecting to coarser gives more states in coarser.
Saving Z and C of abstraction 1 into validZs, validCs, finalZs, finalCs.
Saving Z and C of abstraction 0 into validZs_, validCs.

current abstraction: 0
mu iteration: 190
justCoarsed: 1
iterCurAbs: 1
reached: 0
controllers: 12
More new states, already at coarsest gridding, continuing.

current abstraction: 0
mu iteration: 191
justCoarsed: 1
iterCurAbs: 2
reached: 0
controllers: 12
More new states, already at coarsest gridding, continuing.

current abstraction: 0
mu iteration: 192
justCoarsed: 1
iterCurAbs: 3
reached: 0
controllers: 12
More new states, already at coarsest gridding, continuing.

current abstraction: 0
mu iteration: 193
justCoarsed: 1
iterCurAbs: 4
reached: 0
controllers: 12
More new states, already at coarsest gridding, continuing.

current abstraction: 0
mu iteration: 194
justCoarsed: 1
iterCurAbs: 5
reached: 0
controllers: 12
More new states, already at coarsest gridding, continuing.

current abstraction: 0
mu iteration: 195
justCoarsed: 1
iterCurAbs: 6
reached: 0
controllers: 12
Current controller now valid.
More new states, already at coarsest gridding, continuing.

current abstraction: 0
mu iteration: 196
justCoarsed: 0
iterCurAbs: 7
reached: 0
controllers: 12
More new states, already at coarsest gridding, continuing.

current abstraction: 0
mu iteration: 197
justCoarsed: 0
iterCurAbs: 8
reached: 0
controllers: 12
More new states, already at coarsest gridding, continuing.

current abstraction: 0
mu iteration: 198
justCoarsed: 0
iterCurAbs: 9
reached: 0
controllers: 12
More new states, already at coarsest gridding, continuing.

current abstraction: 0
mu iteration: 199
justCoarsed: 0
iterCurAbs: 10
reached: 0
controllers: 12
More new states, already at coarsest gridding, continuing.

current abstraction: 0
mu iteration: 200
justCoarsed: 0
iterCurAbs: 11
reached: 0
controllers: 12
More new states, already at coarsest gridding, continuing.

current abstraction: 0
mu iteration: 201
justCoarsed: 0
iterCurAbs: 12
reached: 0
controllers: 12
More new states, already at coarsest gridding, continuing.

current abstraction: 0
mu iteration: 202
justCoarsed: 0
iterCurAbs: 13
reached: 0
controllers: 12
More new states, already at coarsest gridding, continuing.

current abstraction: 0
mu iteration: 203
justCoarsed: 0
iterCurAbs: 14
reached: 0
controllers: 12
More new states, already at coarsest gridding, continuing.

current abstraction: 0
mu iteration: 204
justCoarsed: 0
iterCurAbs: 15
reached: 0
controllers: 12
More new states, already at coarsest gridding, continuing.

current abstraction: 0
mu iteration: 205
justCoarsed: 0
iterCurAbs: 16
reached: 0
controllers: 12
More new states, already at coarsest gridding, continuing.

current abstraction: 0
mu iteration: 206
justCoarsed: 0
iterCurAbs: 17
reached: 0
controllers: 12
More new states, already at coarsest gridding, continuing.

current abstraction: 0
mu iteration: 207
justCoarsed: 0
iterCurAbs: 18
reached: 0
controllers: 12
More new states, already at coarsest gridding, continuing.

current abstraction: 0
mu iteration: 208
justCoarsed: 0
iterCurAbs: 19
reached: 0
controllers: 12
More new states, already at coarsest gridding, continuing.

current abstraction: 0
mu iteration: 209
justCoarsed: 0
iterCurAbs: 20
reached: 0
controllers: 12
More new states, already at coarsest gridding, continuing.

current abstraction: 0
mu iteration: 210
justCoarsed: 0
iterCurAbs: 21
reached: 0
controllers: 12
More new states, already at coarsest gridding, continuing.

current abstraction: 0
mu iteration: 211
justCoarsed: 0
iterCurAbs: 22
reached: 0
controllers: 12
More new states, already at coarsest gridding, continuing.

current abstraction: 0
mu iteration: 212
justCoarsed: 0
iterCurAbs: 23
reached: 0
controllers: 12
More new states, already at coarsest gridding, continuing.

current abstraction: 0
mu iteration: 213
justCoarsed: 0
iterCurAbs: 24
reached: 1
controllers: 12
More new states, already at coarsest gridding, continuing.

current abstraction: 0
mu iteration: 214
justCoarsed: 0
iterCurAbs: 25
reached: 1
controllers: 12
More new states, already at coarsest gridding, continuing.

current abstraction: 0
mu iteration: 215
justCoarsed: 0
iterCurAbs: 26
reached: 1
controllers: 12
More new states, already at coarsest gridding, continuing.

current abstraction: 0
mu iteration: 216
justCoarsed: 0
iterCurAbs: 27
reached: 1
controllers: 12
No new winning states; going finer.
Current controller has been declared valid.
Saving Z and C of abstraction 0 into valids, finals.
Finding inner approximation of Zs_[0] and copying into validZs_[1].

current abstraction: 1
mu iteration: 217
justCoarsed: 0
iterCurAbs: 1
reached: 1
controllers: 13

current abstraction: 1
mu iteration: 218
justCoarsed: 0
iterCurAbs: 2
reached: 1
controllers: 13

current abstraction: 1
mu iteration: 219
justCoarsed: 0
iterCurAbs: 3
reached: 1
controllers: 13

current abstraction: 1
mu iteration: 220
justCoarsed: 0
iterCurAbs: 4
reached: 1
controllers: 13

current abstraction: 1
mu iteration: 221
justCoarsed: 0
iterCurAbs: 5
reached: 1
controllers: 13
No new winning states; going finer.
Current controller has been declared valid.
Saving Z and C of abstraction 1 into valids, finals.
Finding inner approximation of Zs_[1] and copying into validZs_[2].

current abstraction: 2
mu iteration: 222
justCoarsed: 0
iterCurAbs: 1
reached: 1
controllers: 14

current abstraction: 2
mu iteration: 223
justCoarsed: 0
iterCurAbs: 2
reached: 1
controllers: 14

current abstraction: 2
mu iteration: 224
justCoarsed: 0
iterCurAbs: 3
reached: 1
controllers: 14

current abstraction: 2
mu iteration: 225
justCoarsed: 0
iterCurAbs: 4
reached: 1
controllers: 14

current abstraction: 2
mu iteration: 226
justCoarsed: 0
iterCurAbs: 5
reached: 1
controllers: 14

current abstraction: 2
mu iteration: 227
justCoarsed: 0
iterCurAbs: 6
reached: 1
controllers: 14
More new states, minToGoCoarser achieved; try going coarser.
Projecting to coarser gives more states in coarser.
Saving Z and C of abstraction 2 into validZs, validCs, finalZs, finalCs.
Saving Z and C of abstraction 1 into validZs_, validCs.

current abstraction: 1
mu iteration: 228
justCoarsed: 1
iterCurAbs: 1
reached: 1
controllers: 15

current abstraction: 1
mu iteration: 229
justCoarsed: 1
iterCurAbs: 2
reached: 1
controllers: 15

current abstraction: 1
mu iteration: 230
justCoarsed: 1
iterCurAbs: 3
reached: 1
controllers: 15
No new winning states; going finer.
Current controller has not been declared valid.
Removing last elements of finalCs_ and finalZs_.
Resetting Zs_[1] and Cs_[1] from valids.

current abstraction: 2
mu iteration: 231
justCoarsed: 0
iterCurAbs: 1
reached: 1
controllers: 14

current abstraction: 2
mu iteration: 232
justCoarsed: 0
iterCurAbs: 2
reached: 1
controllers: 14

current abstraction: 2
mu iteration: 233
justCoarsed: 0
iterCurAbs: 3
reached: 1
controllers: 14

mu number of controllers: 15

----------------------------------------reach: 96.8603 seconds.
Won.
