dcdc2A_HSCC.log
Initialized etaXs_, tau_.
Initialized solvers.
Xs_ initialized with full domain.
X2s_ initialized with full domain.
U_ initialized with full domain.
Os_ initialized according to specification.
Zs_ initialized with empty domain.
Cs_ initialized with empty domain.
Number of BDD variables: 77
Initialized permutes.
Initialized cubes.
Initialized notVars.
permuteCoarser 1 to 0: 0 0 0 0 0 0 0 0 0 0 0 0 0 0 0 0 0 0 0 0 1 2 3 4 5 6 7 8 0 9 10 11 12 13 14 15 16 17 0 0 0 0 0 0 0 0 0 0 0 0 0 0 0 0 0 0 0 0 0 0 0 0 0 0 0 0 0 0 0 0 0 0 0 0 0 0 0 
permuteFiner 0 to 1: 19 20 21 22 23 24 25 26 27 29 30 31 32 33 34 35 36 37 0 0 0 0 0 0 0 0 0 0 0 0 0 0 0 0 0 0 0 0 0 0 0 0 0 0 0 0 0 0 0 0 0 0 0 0 0 0 0 0 0 0 0 0 0 0 0 0 0 0 0 0 0 0 0 0 0 0 0 
etaXs_:
abstraction 0: 0.001 0.001 
abstraction 1: 0.0005 0.0005 
tau_:
abstraction 0: 0.125
abstraction 1: 0.0625
Ss_ initialized
Zs_ modified to BDD-1.
infZs_ initialized to empty.
Ts_ initialized with empty domain.
Ts_ computed by sampling system behavior.
Wrote Ts_ to file.
TTs_ initialized by ExistAbstracting from Ts_.
..................................................................................................................114
......................................................................................................................................................................................................................214
-----------------------------------------------Total time: 158.388 seconds.
Abstraction construction time: 62.1284 seconds.
Controller synthesis time: 87.5163 seconds.
Abs + syn time: 149.645 seconds.
